<?xml version="1.0" encoding="UTF-8"?>
<testng-results skipped="0" failed="0" total="1" passed="1">
  <reporter-output>
  </reporter-output>
  <suite name="Default suite" duration-ms="1105" started-at="2021-07-21T14:50:24Z" finished-at="2021-07-21T14:50:25Z">
    <groups>
    </groups>
    <test name="Default test" duration-ms="1105" started-at="2021-07-21T14:50:24Z" finished-at="2021-07-21T14:50:25Z">
      <class name="TestRest.LearnTest">
        <test-method status="PASS" signature="Test02()[pri:0, instance:TestRest.LearnTest@2928854b]" name="Test02" duration-ms="1097" started-at="2021-07-21T20:20:24Z" finished-at="2021-07-21T20:20:25Z">
          <reporter-output>
          </reporter-output>
        </test-method> <!-- Test02 -->
      </class> <!-- TestRest.LearnTest -->
    </test> <!-- Default test -->
  </suite> <!-- Default suite -->
</testng-results>
